Using pre-set license
Built from '2022.3/china_unity/release' branch; Version is '2022.3.0f1c1 (aad67108fc1f) revision 11196017'; Using compiler version '192829333'; Build Type 'Release'
OS: 'Windows 10  (10.0.19045) 64bit Professional' Language: 'zh' Physical Memory: 16332 MB
BatchMode: 1, IsHumanControllingUs: 0, StartBugReporterOnCrash: 0, Is64bit: 1, IsPro: 1

COMMAND LINE ARGUMENTS:
C:\Program Files\Unity\Hub\Editor\2022.3.0f1c1\Editor\Unity.exe
-adb2
-batchMode
-noUpm
-name
AssetImportWorker1
-projectPath
D:/Work/git/Lingjing/Lingjing_Unity
-logFile
Logs/AssetImportWorker1.log
-srvPort
57869
Successfully changed project path to: D:/Work/git/Lingjing/Lingjing_Unity
D:/Work/git/Lingjing/Lingjing_Unity
[UnityMemory] Configuration Parameters - Can be set up in boot.config
    "memorysetup-bucket-allocator-granularity=16"
    "memorysetup-bucket-allocator-bucket-count=8"
    "memorysetup-bucket-allocator-block-size=33554432"
    "memorysetup-bucket-allocator-block-count=8"
    "memorysetup-main-allocator-block-size=16777216"
    "memorysetup-thread-allocator-block-size=16777216"
    "memorysetup-gfx-main-allocator-block-size=16777216"
    "memorysetup-gfx-thread-allocator-block-size=16777216"
    "memorysetup-cache-allocator-block-size=4194304"
    "memorysetup-typetree-allocator-block-size=2097152"
    "memorysetup-profiler-bucket-allocator-granularity=16"
    "memorysetup-profiler-bucket-allocator-bucket-count=8"
    "memorysetup-profiler-bucket-allocator-block-size=33554432"
    "memorysetup-profiler-bucket-allocator-block-count=8"
    "memorysetup-profiler-allocator-block-size=16777216"
    "memorysetup-profiler-editor-allocator-block-size=1048576"
    "memorysetup-temp-allocator-size-main=16777216"
    "memorysetup-job-temp-allocator-block-size=2097152"
    "memorysetup-job-temp-allocator-block-size-background=1048576"
    "memorysetup-job-temp-allocator-reduction-small-platforms=262144"
    "memorysetup-allocator-temp-initial-block-size-main=262144"
    "memorysetup-allocator-temp-initial-block-size-worker=262144"
    "memorysetup-temp-allocator-size-background-worker=32768"
    "memorysetup-temp-allocator-size-job-worker=262144"
    "memorysetup-temp-allocator-size-preload-manager=33554432"
    "memorysetup-temp-allocator-size-nav-mesh-worker=65536"
    "memorysetup-temp-allocator-size-audio-worker=65536"
    "memorysetup-temp-allocator-size-cloud-worker=32768"
    "memorysetup-temp-allocator-size-gi-baking-worker=262144"
    "memorysetup-temp-allocator-size-gfx=262144"
Player connection [35908] Host "[IP] 192.168.1.2 [Port] 0 [Flags] 2 [Guid] 995918511 [EditorId] 995918511 [Version] 1048832 [Id] WindowsEditor(7,RGB-WorkStation) [Debug] 1 [PackageName] WindowsEditor [ProjectName] Editor" joined multi-casting on [225.0.0.222:54997]...

Player connection [35908] Host "[IP] 192.168.1.2 [Port] 0 [Flags] 2 [Guid] 995918511 [EditorId] 995918511 [Version] 1048832 [Id] WindowsEditor(7,RGB-WorkStation) [Debug] 1 [PackageName] WindowsEditor [ProjectName] Editor" joined alternative multi-casting on [225.0.0.222:34997]...

Refreshing native plugins compatible for Editor in 426.83 ms, found 11 plugins.
Preloading 0 native plugins for Editor in 0.00 ms.
Initialize engine version: 2022.3.0f1c1 (aad67108fc1f)
[Subsystems] Discovering subsystems at path C:/Program Files/Unity/Hub/Editor/2022.3.0f1c1/Editor/Data/Resources/UnitySubsystems
[Subsystems] Discovering subsystems at path D:/Work/git/Lingjing/Lingjing_Unity/Assets
GfxDevice: creating device client; threaded=0; jobified=0
Direct3D:
    Version:  Direct3D 11.0 [level 11.1]
    Renderer: NVIDIA GeForce GTX 980 Ti (ID=0x17c8)
    Vendor:   NVIDIA
    VRAM:     6092 MB
    Driver:   31.0.15.3623
Initialize mono
Mono path[0] = 'C:/Program Files/Unity/Hub/Editor/2022.3.0f1c1/Editor/Data/Managed'
Mono path[1] = 'C:/Program Files/Unity/Hub/Editor/2022.3.0f1c1/Editor/Data/MonoBleedingEdge/lib/mono/unityjit-win32'
Mono config path = 'C:/Program Files/Unity/Hub/Editor/2022.3.0f1c1/Editor/Data/MonoBleedingEdge/etc'
Using monoOptions --debugger-agent=transport=dt_socket,embedding=1,server=y,suspend=n,address=127.0.0.1:56708
Begin MonoManager ReloadAssembly
Registering precompiled unity dll's ...
Register platform support module: C:/Program Files/Unity/Hub/Editor/2022.3.0f1c1/Editor/Data/PlaybackEngines/AndroidPlayer/UnityEditor.Android.Extensions.dll
Register platform support module: C:/Program Files/Unity/Hub/Editor/2022.3.0f1c1/Editor/Data/PlaybackEngines/iOSSupport/UnityEditor.iOS.Extensions.dll
Register platform support module: C:/Program Files/Unity/Hub/Editor/2022.3.0f1c1/Editor/Data/PlaybackEngines/WindowsStandaloneSupport/UnityEditor.WindowsStandalone.Extensions.dll
Registered in 0.035860 seconds.
- Loaded All Assemblies, in  0.568 seconds
Native extension for WindowsStandalone target not found
[usbmuxd] Start listen thread
[usbmuxd] Listen thread started
[usbmuxd] Send listen message
Native extension for iOS target not found
Native extension for Android target not found
Android Extension - Scanning For ADB Devices 452 ms
Mono: successfully reloaded assembly
- Finished resetting the current domain, in  0.871 seconds
Domain Reload Profiling: 1430ms
	BeginReloadAssembly (194ms)
		ExecutionOrderSort (0ms)
		DisableScriptedObjects (0ms)
		BackupInstance (0ms)
		ReleaseScriptingObjects (0ms)
		CreateAndSetChildDomain (1ms)
	RebuildCommonClasses (42ms)
	RebuildNativeTypeToScriptingClass (11ms)
	initialDomainReloadingComplete (111ms)
	LoadAllAssembliesAndSetupDomain (200ms)
		LoadAssemblies (187ms)
		RebuildTransferFunctionScriptingTraits (0ms)
		AnalyzeDomain (176ms)
			TypeCache.Refresh (175ms)
				TypeCache.ScanAssembly (155ms)
			ScanForSourceGeneratedMonoScriptInfo (0ms)
			ResolveRequiredComponents (0ms)
	FinalizeReload (872ms)
		ReleaseScriptCaches (0ms)
		RebuildScriptCaches (0ms)
		SetupLoadedEditorAssemblies (810ms)
			LogAssemblyErrors (0ms)
			InitializePlatformSupportModulesInManaged (606ms)
			SetLoadedEditorAssemblies (3ms)
			RefreshPlugins (0ms)
			BeforeProcessingInitializeOnLoad (2ms)
			ProcessInitializeOnLoadAttributes (116ms)
			ProcessInitializeOnLoadMethodAttributes (84ms)
			AfterProcessingInitializeOnLoad (0ms)
			EditorAssembliesLoaded (0ms)
		ExecutionOrderSort2 (0ms)
		AwakeInstancesAfterBackupRestoration (0ms)
========================================================================
Worker process is ready to serve import requests
Begin MonoManager ReloadAssembly
Symbol file LoadedFromMemory doesn't match image D:\Work\git\Lingjing\Lingjing_Unity\Library\PackageCache\com.unity.visualscripting@1.8.0\Editor\VisualScripting.Core\Dependencies\YamlDotNet\Unity.VisualScripting.YamlDotNet.dll
Symbol file LoadedFromMemory doesn't match image D:\Work\git\Lingjing\Lingjing_Unity\Library\PackageCache\com.unity.visualscripting@1.8.0\Editor\VisualScripting.Core\Dependencies\DotNetZip\Unity.VisualScripting.IonicZip.dll
Symbol file LoadedFromMemory is not a mono symbol file
- Loaded All Assemblies, in  5.607 seconds
Refreshing native plugins compatible for Editor in 42.22 ms, found 11 plugins.
Native extension for WindowsStandalone target not found
Native extension for iOS target not found
Native extension for Android target not found
Package Manager log level set to [2]
[Package Manager] Server::EnsureServerProcessIsRunning -- launch failed, reason: Unity was launched with the -noUpm command-line argument
[Package Manager] UpmClient::Send -- Unable to send message (not connected to UPM process).
[Package Manager] Cannot connect to Unity Package Manager local server
Mono: successfully reloaded assembly
[Package Manager] Server::EnsureServerProcessIsRunning -- launch failed, reason: Unity was launched with the -noUpm command-line argument
[Package Manager] UpmClient::Send -- Unable to send message (not connected to UPM process).
[Package Manager] Cannot connect to Unity Package Manager local server
[Package Manager] Server::EnsureServerProcessIsRunning -- launch failed, reason: Unity was launched with the -noUpm command-line argument
[Package Manager] UpmClient::Send -- Unable to send message (not connected to UPM process).
[Package Manager] Cannot connect to Unity Package Manager local server
- Finished resetting the current domain, in  7.357 seconds
Domain Reload Profiling: 12914ms
	BeginReloadAssembly (164ms)
		ExecutionOrderSort (0ms)
		DisableScriptedObjects (6ms)
		BackupInstance (0ms)
		ReleaseScriptingObjects (0ms)
		CreateAndSetChildDomain (27ms)
	RebuildCommonClasses (43ms)
	RebuildNativeTypeToScriptingClass (15ms)
	initialDomainReloadingComplete (54ms)
	LoadAllAssembliesAndSetupDomain (5280ms)
		LoadAssemblies (4855ms)
		RebuildTransferFunctionScriptingTraits (0ms)
		AnalyzeDomain (469ms)
			TypeCache.Refresh (438ms)
				TypeCache.ScanAssembly (417ms)
			ScanForSourceGeneratedMonoScriptInfo (24ms)
			ResolveRequiredComponents (7ms)
	FinalizeReload (7358ms)
		ReleaseScriptCaches (0ms)
		RebuildScriptCaches (0ms)
		SetupLoadedEditorAssemblies (7164ms)
			LogAssemblyErrors (0ms)
			InitializePlatformSupportModulesInManaged (59ms)
			SetLoadedEditorAssemblies (5ms)
			RefreshPlugins (0ms)
			BeforeProcessingInitializeOnLoad (107ms)
			ProcessInitializeOnLoadAttributes (1653ms)
			ProcessInitializeOnLoadMethodAttributes (5317ms)
			AfterProcessingInitializeOnLoad (21ms)
			EditorAssembliesLoaded (0ms)
		ExecutionOrderSort2 (0ms)
		AwakeInstancesAfterBackupRestoration (8ms)
Launched and connected shader compiler UnityShaderCompiler.exe after 0.10 seconds
Refreshing native plugins compatible for Editor in 52.21 ms, found 11 plugins.
Preloading 0 native plugins for Editor in 0.00 ms.
Unloading 5564 Unused Serialized files (Serialized files now loaded: 0)
Unloading 810 unused Assets / (1.8 MB). Loaded Objects now: 5325.
Memory consumption went from 294.1 MB to 292.3 MB.
Total: 5.640600 ms (FindLiveObjects: 0.518700 ms CreateObjectMapping: 0.649600 ms MarkObjects: 3.053300 ms  DeleteObjects: 1.417900 ms)

AssetImportParameters requested are different than current active one (requested -> active):
  custom:container-demuxer-ogg: 62fdf1f143b41e24485cea50d1cbac27 -> 
  custom:video-codec-MediaFoundation-h265: 746d11721c4dcdbdad8f713fa42b33f4 -> 
  custom:video-decoder-ogg-theora: a1e56fd34408186e4bbccfd4996cb3dc -> 
  custom:framework-win-MediaFoundation: 216162199b28c13a410421893ffa2e32 -> 
  custom:container-demuxer-webm: 4f35f7cbe854078d1ac9338744f61a02 -> 
  custom:container-muxer-webm: aa71ff27fc2769a1b78a27578f13a17b -> 
  custom:video-decoder-webm-vp8: 9c59270c3fd7afecdb556c50c9e8de78 -> 
  custom:AudioImporter_EditorPlatform: d09bf68614088b80899f8185d706f6e7 -> 
  custom:video-encoder-webm-vp8: eb34c28f22e8b96e1ab97ce403110664 -> 
  custom:audio-decoder-ogg-vorbis: bf7c407c2cedff20999df2af8eb42d56 -> 
  custom:audio-encoder-webm-vorbis: bf7c407c2cedff20999df2af8eb42d56 -> 
========================================================================
Received Import Request.
  Time since last request: 1298469.057421 seconds.
  path: Assets/DataLib/ImageLib/A30.jpg
  artifactKey: Guid(26bf25b57f424c846bacd6c27f7ea183) Importer(815301076,1909f56bfc062723c751e8b465ee728b)
Start importing Assets/DataLib/ImageLib/A30.jpg using Guid(26bf25b57f424c846bacd6c27f7ea183) Importer(815301076,1909f56bfc062723c751e8b465ee728b)  -> (artifact id: '491b99b73c8ee08b58bca600c751047e') in 0.071103 seconds
Number of updated asset objects reloaded before import = 0
Number of asset objects unloaded after import = 2
========================================================================
Received Import Request.
  Time since last request: 136.871166 seconds.
  path: Assets/DataLib/ImageLib/A11.jpg
  artifactKey: Guid(6b66cc07d542ab34da565971d6bc2bd2) Importer(815301076,1909f56bfc062723c751e8b465ee728b)
Start importing Assets/DataLib/ImageLib/A11.jpg using Guid(6b66cc07d542ab34da565971d6bc2bd2) Importer(815301076,1909f56bfc062723c751e8b465ee728b)  -> (artifact id: 'ab458285b406022ad68f9eb086a6795a') in 0.110837 seconds
Number of updated asset objects reloaded before import = 0
Number of asset objects unloaded after import = 2
========================================================================
Received Import Request.
  Time since last request: 0.000020 seconds.
  path: Assets/DataLib/ImageLib/A12.jpg
  artifactKey: Guid(8e8e65967dfb7c3448b96bf95453e8a1) Importer(815301076,1909f56bfc062723c751e8b465ee728b)
Start importing Assets/DataLib/ImageLib/A12.jpg using Guid(8e8e65967dfb7c3448b96bf95453e8a1) Importer(815301076,1909f56bfc062723c751e8b465ee728b)  -> (artifact id: '40f62af57b48cd788dc21eeb2b8e8f38') in 0.071500 seconds
Number of updated asset objects reloaded before import = 0
Number of asset objects unloaded after import = 2
========================================================================
Received Import Request.
  Time since last request: 23.769219 seconds.
  path: Assets/DataLib/ImageLib/A15.jpg
  artifactKey: Guid(af8e7b4ee891c444fa8e5dfc0a8b02f8) Importer(815301076,1909f56bfc062723c751e8b465ee728b)
Start importing Assets/DataLib/ImageLib/A15.jpg using Guid(af8e7b4ee891c444fa8e5dfc0a8b02f8) Importer(815301076,1909f56bfc062723c751e8b465ee728b)  -> (artifact id: '490cf043ad818ce240c3de88cd9d99ef') in 0.066919 seconds
Number of updated asset objects reloaded before import = 0
Number of asset objects unloaded after import = 2
========================================================================
Received Import Request.
  Time since last request: 0.000024 seconds.
  path: Assets/DataLib/ImageLib/A16.jpg
  artifactKey: Guid(540539b1ba88e87488b36498c7f352dd) Importer(815301076,1909f56bfc062723c751e8b465ee728b)
Start importing Assets/DataLib/ImageLib/A16.jpg using Guid(540539b1ba88e87488b36498c7f352dd) Importer(815301076,1909f56bfc062723c751e8b465ee728b)  -> (artifact id: '2f2e3cc0299b4ee00a96d12e35bbb883') in 0.066969 seconds
Number of updated asset objects reloaded before import = 0
Number of asset objects unloaded after import = 2
========================================================================
Received Import Request.
  Time since last request: 0.000022 seconds.
  path: Assets/DataLib/ImageLib/A17.jpg
  artifactKey: Guid(549c47238622c3a4abd3a2813b12ec97) Importer(815301076,1909f56bfc062723c751e8b465ee728b)
Start importing Assets/DataLib/ImageLib/A17.jpg using Guid(549c47238622c3a4abd3a2813b12ec97) Importer(815301076,1909f56bfc062723c751e8b465ee728b)  -> (artifact id: 'c413d5637ff495b8eab23fabdc182287') in 0.052983 seconds
Number of updated asset objects reloaded before import = 0
Number of asset objects unloaded after import = 2
========================================================================
Received Import Request.
  Time since last request: 0.400359 seconds.
  path: Assets/DataLib/ImageLib/A2.jpg
  artifactKey: Guid(c6623f4432f1d6945bfa00b279860a25) Importer(815301076,1909f56bfc062723c751e8b465ee728b)
Start importing Assets/DataLib/ImageLib/A2.jpg using Guid(c6623f4432f1d6945bfa00b279860a25) Importer(815301076,1909f56bfc062723c751e8b465ee728b)  -> (artifact id: 'b9f0b8e13d64b4483686d25625ba555b') in 0.075709 seconds
Number of updated asset objects reloaded before import = 0
Number of asset objects unloaded after import = 2
========================================================================
Received Import Request.
  Time since last request: 0.000026 seconds.
  path: Assets/DataLib/ImageLib/A21.jpg
  artifactKey: Guid(91100e8d00366b74d8ae64e1bb0a98ef) Importer(815301076,1909f56bfc062723c751e8b465ee728b)
Start importing Assets/DataLib/ImageLib/A21.jpg using Guid(91100e8d00366b74d8ae64e1bb0a98ef) Importer(815301076,1909f56bfc062723c751e8b465ee728b)  -> (artifact id: '7f3761af35ac74e83823f66c12969f5c') in 0.063926 seconds
Number of updated asset objects reloaded before import = 0
Number of asset objects unloaded after import = 2
========================================================================
Received Import Request.
  Time since last request: 0.000030 seconds.
  path: Assets/DataLib/ImageLib/A20.jpg
  artifactKey: Guid(a60da8e971a2434419d698e37c9bb265) Importer(815301076,1909f56bfc062723c751e8b465ee728b)
Start importing Assets/DataLib/ImageLib/A20.jpg using Guid(a60da8e971a2434419d698e37c9bb265) Importer(815301076,1909f56bfc062723c751e8b465ee728b)  -> (artifact id: '9dea36828734e9ac79a36bf297489f35') in 0.065348 seconds
Number of updated asset objects reloaded before import = 0
Number of asset objects unloaded after import = 2
========================================================================
Received Import Request.
  Time since last request: 0.173242 seconds.
  path: Assets/DataLib/ImageLib/A24.jpg
  artifactKey: Guid(84a35133d8a1e4c478518e69606fb828) Importer(815301076,1909f56bfc062723c751e8b465ee728b)
Start importing Assets/DataLib/ImageLib/A24.jpg using Guid(84a35133d8a1e4c478518e69606fb828) Importer(815301076,1909f56bfc062723c751e8b465ee728b)  -> (artifact id: 'd8e03ed1b19a46902087e4ef9b5e4f5b') in 0.063059 seconds
Number of updated asset objects reloaded before import = 0
Number of asset objects unloaded after import = 2
========================================================================
Received Import Request.
  Time since last request: 0.000027 seconds.
  path: Assets/DataLib/ImageLib/A26.jpg
  artifactKey: Guid(1129423b862dab947ba2660dae03a29c) Importer(815301076,1909f56bfc062723c751e8b465ee728b)
Start importing Assets/DataLib/ImageLib/A26.jpg using Guid(1129423b862dab947ba2660dae03a29c) Importer(815301076,1909f56bfc062723c751e8b465ee728b)  -> (artifact id: '05d62556f57a84ea2f3f6162efd8e895') in 0.063332 seconds
Number of updated asset objects reloaded before import = 0
Number of asset objects unloaded after import = 2
========================================================================
Received Import Request.
  Time since last request: 0.000019 seconds.
  path: Assets/DataLib/ImageLib/A27.jpg
  artifactKey: Guid(a02b16f738a6956408f7f6c532404356) Importer(815301076,1909f56bfc062723c751e8b465ee728b)
Start importing Assets/DataLib/ImageLib/A27.jpg using Guid(a02b16f738a6956408f7f6c532404356) Importer(815301076,1909f56bfc062723c751e8b465ee728b)  -> (artifact id: 'b141d5d53b5a755cf42fdea796f988d3') in 0.057620 seconds
Number of updated asset objects reloaded before import = 0
Number of asset objects unloaded after import = 2
========================================================================
Received Import Request.
  Time since last request: 0.086988 seconds.
  path: Assets/DataLib/ImageLib/A29.jpg
  artifactKey: Guid(cc4a6ec89742af94baf5b59d3486e49b) Importer(815301076,1909f56bfc062723c751e8b465ee728b)
Start importing Assets/DataLib/ImageLib/A29.jpg using Guid(cc4a6ec89742af94baf5b59d3486e49b) Importer(815301076,1909f56bfc062723c751e8b465ee728b)  -> (artifact id: 'b70538501d3c66b95323088a4914c1a7') in 0.062587 seconds
Number of updated asset objects reloaded before import = 0
Number of asset objects unloaded after import = 2
========================================================================
Received Import Request.
  Time since last request: 0.000030 seconds.
  path: Assets/DataLib/ImageLib/A4.jpg
  artifactKey: Guid(a02209bbc05cddb408ab166f259f1761) Importer(815301076,1909f56bfc062723c751e8b465ee728b)
Start importing Assets/DataLib/ImageLib/A4.jpg using Guid(a02209bbc05cddb408ab166f259f1761) Importer(815301076,1909f56bfc062723c751e8b465ee728b)  -> (artifact id: '33e952937f1b677578b915427ee80e06') in 0.073275 seconds
Number of updated asset objects reloaded before import = 0
Number of asset objects unloaded after import = 2
========================================================================
Received Import Request.
  Time since last request: 9.771279 seconds.
  path: Assets/DataLib/ImageLib/A6.jpg
  artifactKey: Guid(2b21ff064e861dd4d9e6bb60a6daa07e) Importer(815301076,1909f56bfc062723c751e8b465ee728b)
Start importing Assets/DataLib/ImageLib/A6.jpg using Guid(2b21ff064e861dd4d9e6bb60a6daa07e) Importer(815301076,1909f56bfc062723c751e8b465ee728b)  -> (artifact id: 'a360cf94457a2a7f10357936fb7c9725') in 0.064239 seconds
Number of updated asset objects reloaded before import = 0
Number of asset objects unloaded after import = 2
========================================================================
Received Import Request.
  Time since last request: 0.000022 seconds.
  path: Assets/DataLib/ImageLib/A8.jpg
  artifactKey: Guid(aa99a909292888b40ab90aab96718d5d) Importer(815301076,1909f56bfc062723c751e8b465ee728b)
Start importing Assets/DataLib/ImageLib/A8.jpg using Guid(aa99a909292888b40ab90aab96718d5d) Importer(815301076,1909f56bfc062723c751e8b465ee728b)  -> (artifact id: 'a5405bbc7dbdfc10bbb28a226d921aae') in 0.053437 seconds
Number of updated asset objects reloaded before import = 0
Number of asset objects unloaded after import = 2
========================================================================
Received Import Request.
  Time since last request: 0.000037 seconds.
  path: Assets/DataLib/ImageLib/A9.jpg
  artifactKey: Guid(2c8033c18a8fc5d4bba14cf46a1f6388) Importer(815301076,1909f56bfc062723c751e8b465ee728b)
Start importing Assets/DataLib/ImageLib/A9.jpg using Guid(2c8033c18a8fc5d4bba14cf46a1f6388) Importer(815301076,1909f56bfc062723c751e8b465ee728b)  -> (artifact id: '66302a120f2a0edb9f57e04bdf25a150') in 0.064541 seconds
Number of updated asset objects reloaded before import = 0
Number of asset objects unloaded after import = 2
========================================================================
Received Import Request.
  Time since last request: 3.351182 seconds.
  path: Assets/DataLib/ImageLib/Brach1.jpg
  artifactKey: Guid(ce53594079c9df3439f5ac432557987a) Importer(815301076,1909f56bfc062723c751e8b465ee728b)
Start importing Assets/DataLib/ImageLib/Brach1.jpg using Guid(ce53594079c9df3439f5ac432557987a) Importer(815301076,1909f56bfc062723c751e8b465ee728b)  -> (artifact id: '3e6fbd2d6e069d6c16e351ac99acfe69') in 0.044533 seconds
Number of updated asset objects reloaded before import = 0
Number of asset objects unloaded after import = 2
========================================================================
Received Import Request.
  Time since last request: 0.000024 seconds.
  path: Assets/DataLib/ImageLib/Carno1.jpg
  artifactKey: Guid(39cfba106e62a3840bd1dace7d0d8d52) Importer(815301076,1909f56bfc062723c751e8b465ee728b)
Start importing Assets/DataLib/ImageLib/Carno1.jpg using Guid(39cfba106e62a3840bd1dace7d0d8d52) Importer(815301076,1909f56bfc062723c751e8b465ee728b)  -> (artifact id: '14326a5ac6053ed63af44e8ae009f880') in 0.060891 seconds
Number of updated asset objects reloaded before import = 0
Number of asset objects unloaded after import = 2
========================================================================
Received Import Request.
  Time since last request: 0.000026 seconds.
  path: Assets/DataLib/ImageLib/cafe1.jpg
  artifactKey: Guid(5839f023e754e0a40ad3e0c90530a5b9) Importer(815301076,1909f56bfc062723c751e8b465ee728b)
Start importing Assets/DataLib/ImageLib/cafe1.jpg using Guid(5839f023e754e0a40ad3e0c90530a5b9) Importer(815301076,1909f56bfc062723c751e8b465ee728b)  -> (artifact id: 'c5032b49d725d32395f82dda57c61d75') in 0.064690 seconds
Number of updated asset objects reloaded before import = 0
Number of asset objects unloaded after import = 2
========================================================================
Received Import Request.
  Time since last request: 2.613619 seconds.
  path: Assets/DataLib/ImageLib/Dino1.jpg
  artifactKey: Guid(4154a366cade08343a83f4cfd229b94a) Importer(815301076,1909f56bfc062723c751e8b465ee728b)
Start importing Assets/DataLib/ImageLib/Dino1.jpg using Guid(4154a366cade08343a83f4cfd229b94a) Importer(815301076,1909f56bfc062723c751e8b465ee728b)  -> (artifact id: 'dfb3f05d1ebe02c6c7de1d51f727e697') in 0.063862 seconds
Number of updated asset objects reloaded before import = 0
Number of asset objects unloaded after import = 2
========================================================================
Received Import Request.
  Time since last request: 0.000028 seconds.
  path: Assets/DataLib/ImageLib/DinoSk4.jpg
  artifactKey: Guid(c77625523a1bf114683d5d9cc9d62473) Importer(815301076,1909f56bfc062723c751e8b465ee728b)
Start importing Assets/DataLib/ImageLib/DinoSk4.jpg using Guid(c77625523a1bf114683d5d9cc9d62473) Importer(815301076,1909f56bfc062723c751e8b465ee728b)  -> (artifact id: 'cd67cb1396e3214572cb5d25616b24f0') in 0.067230 seconds
Number of updated asset objects reloaded before import = 0
Number of asset objects unloaded after import = 2
========================================================================
Received Import Request.
  Time since last request: 0.000031 seconds.
  path: Assets/DataLib/ImageLib/DR2.jpg
  artifactKey: Guid(a5967f8ed97372b4c94f64891eda205f) Importer(815301076,1909f56bfc062723c751e8b465ee728b)
Start importing Assets/DataLib/ImageLib/DR2.jpg using Guid(a5967f8ed97372b4c94f64891eda205f) Importer(815301076,1909f56bfc062723c751e8b465ee728b)  -> (artifact id: '8abb3fc4ae5eefda05a3a83a6b3ccef6') in 0.054503 seconds
Number of updated asset objects reloaded before import = 0
Number of asset objects unloaded after import = 2
========================================================================
Received Import Request.
  Time since last request: 2.919280 seconds.
  path: Assets/DataLib/ImageLib/Ptera1.jpg
  artifactKey: Guid(d4b22376eb4b0a840b0a9296cee30905) Importer(815301076,1909f56bfc062723c751e8b465ee728b)
Start importing Assets/DataLib/ImageLib/Ptera1.jpg using Guid(d4b22376eb4b0a840b0a9296cee30905) Importer(815301076,1909f56bfc062723c751e8b465ee728b)  -> (artifact id: 'f1c6f8e97f9541792ce775fd3cfdd537') in 0.063503 seconds
Number of updated asset objects reloaded before import = 0
Number of asset objects unloaded after import = 2
========================================================================
Received Import Request.
  Time since last request: 0.000022 seconds.
  path: Assets/DataLib/ImageLib/Ptera2.jpg
  artifactKey: Guid(e7a32398540d79941be36bb37a4f2374) Importer(815301076,1909f56bfc062723c751e8b465ee728b)
Start importing Assets/DataLib/ImageLib/Ptera2.jpg using Guid(e7a32398540d79941be36bb37a4f2374) Importer(815301076,1909f56bfc062723c751e8b465ee728b)  -> (artifact id: 'ac21c4c6fb2b1450dbae0574ebbe7c69') in 0.060139 seconds
Number of updated asset objects reloaded before import = 0
Number of asset objects unloaded after import = 2
========================================================================
Received Import Request.
  Time since last request: 2.357035 seconds.
  path: Assets/DataLib/ImageLib/Ptera4.jpg
  artifactKey: Guid(ef97937c8a4a80b4b8d540b71386b164) Importer(815301076,1909f56bfc062723c751e8b465ee728b)
Start importing Assets/DataLib/ImageLib/Ptera4.jpg using Guid(ef97937c8a4a80b4b8d540b71386b164) Importer(815301076,1909f56bfc062723c751e8b465ee728b)  -> (artifact id: '356a53db0d745bbf68de6caabfa1cb52') in 0.054407 seconds
Number of updated asset objects reloaded before import = 0
Number of asset objects unloaded after import = 2
========================================================================
Received Import Request.
  Time since last request: 2.111985 seconds.
  path: Assets/DataLib/ImageLib/Theri2.jpg
  artifactKey: Guid(f94d855594e61f64e9a85cce422240f2) Importer(815301076,1909f56bfc062723c751e8b465ee728b)
Start importing Assets/DataLib/ImageLib/Theri2.jpg using Guid(f94d855594e61f64e9a85cce422240f2) Importer(815301076,1909f56bfc062723c751e8b465ee728b)  -> (artifact id: '039851e9e2fde794a8a4f443cb7a2c32') in 0.063311 seconds
Number of updated asset objects reloaded before import = 0
Number of asset objects unloaded after import = 2
========================================================================
Received Import Request.
  Time since last request: 0.000020 seconds.
  path: Assets/DataLib/ImageLib/toy2.jpg
  artifactKey: Guid(13d870a7be461d240809319d34076264) Importer(815301076,1909f56bfc062723c751e8b465ee728b)
Start importing Assets/DataLib/ImageLib/toy2.jpg using Guid(13d870a7be461d240809319d34076264) Importer(815301076,1909f56bfc062723c751e8b465ee728b)  -> (artifact id: '59294b19600c81e828c5513d855490ff') in 0.055288 seconds
Number of updated asset objects reloaded before import = 0
Number of asset objects unloaded after import = 2
========================================================================
Received Import Request.
  Time since last request: 2.825262 seconds.
  path: Assets/DataLib/ImageLib/toy5.jpg
  artifactKey: Guid(46bd956f76f9ddd41a420b41ebad890c) Importer(815301076,1909f56bfc062723c751e8b465ee728b)
Start importing Assets/DataLib/ImageLib/toy5.jpg using Guid(46bd956f76f9ddd41a420b41ebad890c) Importer(815301076,1909f56bfc062723c751e8b465ee728b)  -> (artifact id: 'e767a42cf1da39d5bf1b41a0c38a0b82') in 0.056645 seconds
Number of updated asset objects reloaded before import = 0
Number of asset objects unloaded after import = 2
========================================================================
Received Import Request.
  Time since last request: 0.000029 seconds.
  path: Assets/DataLib/ImageLib/TRex2.jpg
  artifactKey: Guid(762e7371cb2afa54fbf0a87dfe0a896c) Importer(815301076,1909f56bfc062723c751e8b465ee728b)
Start importing Assets/DataLib/ImageLib/TRex2.jpg using Guid(762e7371cb2afa54fbf0a87dfe0a896c) Importer(815301076,1909f56bfc062723c751e8b465ee728b)  -> (artifact id: 'd8db5de93a640154bfb7b1ce2cc130a9') in 0.060706 seconds
Number of updated asset objects reloaded before import = 0
Number of asset objects unloaded after import = 2
========================================================================
Received Import Request.
  Time since last request: 2.084580 seconds.
  path: Assets/DataLib/ImageLib/Tric3.jpg
  artifactKey: Guid(bc10b0ae2c017ac4d9c55a4df8f0daf9) Importer(815301076,1909f56bfc062723c751e8b465ee728b)
Start importing Assets/DataLib/ImageLib/Tric3.jpg using Guid(bc10b0ae2c017ac4d9c55a4df8f0daf9) Importer(815301076,1909f56bfc062723c751e8b465ee728b)  -> (artifact id: '1537ec2f61c69cc42e65d36906d84f05') in 0.054137 seconds
Number of updated asset objects reloaded before import = 0
Number of asset objects unloaded after import = 2
========================================================================
Received Import Request.
  Time since last request: 0.000024 seconds.
  path: Assets/DataLib/ImageLib/VRap1.jpg
  artifactKey: Guid(cd681ebc2db917448a02a52f875abcc4) Importer(815301076,1909f56bfc062723c751e8b465ee728b)
Start importing Assets/DataLib/ImageLib/VRap1.jpg using Guid(cd681ebc2db917448a02a52f875abcc4) Importer(815301076,1909f56bfc062723c751e8b465ee728b)  -> (artifact id: '061d1dfb2138ac3aca9e9137c5d3dcd4') in 0.053938 seconds
Number of updated asset objects reloaded before import = 0
Number of asset objects unloaded after import = 2
========================================================================
Received Import Request.
  Time since last request: 0.000019 seconds.
  path: Assets/DataLib/ImageLib/Tric5.jpg
  artifactKey: Guid(057475ad3b36e4240a7f0152bab58e41) Importer(815301076,1909f56bfc062723c751e8b465ee728b)
Start importing Assets/DataLib/ImageLib/Tric5.jpg using Guid(057475ad3b36e4240a7f0152bab58e41) Importer(815301076,1909f56bfc062723c751e8b465ee728b)  -> (artifact id: 'cfdd41094c127a60ad307c867a0528fa') in 0.048857 seconds
Number of updated asset objects reloaded before import = 0
Number of asset objects unloaded after import = 2
========================================================================
Received Import Request.
  Time since last request: 1.694532 seconds.
  path: Assets/DataLib/ImageLib/VRap3.jpg
  artifactKey: Guid(6f5c6f63d80d07f4597232138f458980) Importer(815301076,1909f56bfc062723c751e8b465ee728b)
Start importing Assets/DataLib/ImageLib/VRap3.jpg using Guid(6f5c6f63d80d07f4597232138f458980) Importer(815301076,1909f56bfc062723c751e8b465ee728b)  -> (artifact id: 'bc65fb08689c86619a3800d73e8f18c4') in 0.065460 seconds
Number of updated asset objects reloaded before import = 0
Number of asset objects unloaded after import = 2
