Using pre-set license
Built from '2022.3/china_unity/release' branch; Version is '2022.3.0f1c1 (aad67108fc1f) revision 11196017'; Using compiler version '192829333'; Build Type 'Release'
OS: 'Windows 10  (10.0.19045) 64bit Professional' Language: 'zh' Physical Memory: 16332 MB
BatchMode: 1, IsHumanControllingUs: 0, StartBugReporterOnCrash: 0, Is64bit: 1, IsPro: 1

COMMAND LINE ARGUMENTS:
C:\Program Files\Unity\Hub\Editor\2022.3.0f1c1\Editor\Unity.exe
-adb2
-batchMode
-noUpm
-name
AssetImportWorker0
-projectPath
D:/Work/git/Lingjing/Lingjing_Unity
-logFile
Logs/AssetImportWorker0.log
-srvPort
57869
Successfully changed project path to: D:/Work/git/Lingjing/Lingjing_Unity
D:/Work/git/Lingjing/Lingjing_Unity
[UnityMemory] Configuration Parameters - Can be set up in boot.config
    "memorysetup-bucket-allocator-granularity=16"
    "memorysetup-bucket-allocator-bucket-count=8"
    "memorysetup-bucket-allocator-block-size=33554432"
    "memorysetup-bucket-allocator-block-count=8"
    "memorysetup-main-allocator-block-size=16777216"
    "memorysetup-thread-allocator-block-size=16777216"
    "memorysetup-gfx-main-allocator-block-size=16777216"
    "memorysetup-gfx-thread-allocator-block-size=16777216"
    "memorysetup-cache-allocator-block-size=4194304"
    "memorysetup-typetree-allocator-block-size=2097152"
    "memorysetup-profiler-bucket-allocator-granularity=16"
    "memorysetup-profiler-bucket-allocator-bucket-count=8"
    "memorysetup-profiler-bucket-allocator-block-size=33554432"
    "memorysetup-profiler-bucket-allocator-block-count=8"
    "memorysetup-profiler-allocator-block-size=16777216"
    "memorysetup-profiler-editor-allocator-block-size=1048576"
    "memorysetup-temp-allocator-size-main=16777216"
    "memorysetup-job-temp-allocator-block-size=2097152"
    "memorysetup-job-temp-allocator-block-size-background=1048576"
    "memorysetup-job-temp-allocator-reduction-small-platforms=262144"
    "memorysetup-allocator-temp-initial-block-size-main=262144"
    "memorysetup-allocator-temp-initial-block-size-worker=262144"
    "memorysetup-temp-allocator-size-background-worker=32768"
    "memorysetup-temp-allocator-size-job-worker=262144"
    "memorysetup-temp-allocator-size-preload-manager=33554432"
    "memorysetup-temp-allocator-size-nav-mesh-worker=65536"
    "memorysetup-temp-allocator-size-audio-worker=65536"
    "memorysetup-temp-allocator-size-cloud-worker=32768"
    "memorysetup-temp-allocator-size-gi-baking-worker=262144"
    "memorysetup-temp-allocator-size-gfx=262144"
Player connection [12056] Host "[IP] 192.168.1.2 [Port] 0 [Flags] 2 [Guid] 1540071172 [EditorId] 1540071172 [Version] 1048832 [Id] WindowsEditor(7,RGB-WorkStation) [Debug] 1 [PackageName] WindowsEditor [ProjectName] Editor" joined multi-casting on [225.0.0.222:54997]...

Player connection [12056] Host "[IP] 192.168.1.2 [Port] 0 [Flags] 2 [Guid] 1540071172 [EditorId] 1540071172 [Version] 1048832 [Id] WindowsEditor(7,RGB-WorkStation) [Debug] 1 [PackageName] WindowsEditor [ProjectName] Editor" joined alternative multi-casting on [225.0.0.222:34997]...

Refreshing native plugins compatible for Editor in 421.46 ms, found 11 plugins.
Preloading 0 native plugins for Editor in 0.00 ms.
Initialize engine version: 2022.3.0f1c1 (aad67108fc1f)
[Subsystems] Discovering subsystems at path C:/Program Files/Unity/Hub/Editor/2022.3.0f1c1/Editor/Data/Resources/UnitySubsystems
[Subsystems] Discovering subsystems at path D:/Work/git/Lingjing/Lingjing_Unity/Assets
GfxDevice: creating device client; threaded=0; jobified=0
Direct3D:
    Version:  Direct3D 11.0 [level 11.1]
    Renderer: NVIDIA GeForce GTX 980 Ti (ID=0x17c8)
    Vendor:   NVIDIA
    VRAM:     6092 MB
    Driver:   31.0.15.3623
Initialize mono
Mono path[0] = 'C:/Program Files/Unity/Hub/Editor/2022.3.0f1c1/Editor/Data/Managed'
Mono path[1] = 'C:/Program Files/Unity/Hub/Editor/2022.3.0f1c1/Editor/Data/MonoBleedingEdge/lib/mono/unityjit-win32'
Mono config path = 'C:/Program Files/Unity/Hub/Editor/2022.3.0f1c1/Editor/Data/MonoBleedingEdge/etc'
Using monoOptions --debugger-agent=transport=dt_socket,embedding=1,server=y,suspend=n,address=127.0.0.1:56596
Begin MonoManager ReloadAssembly
Registering precompiled unity dll's ...
Register platform support module: C:/Program Files/Unity/Hub/Editor/2022.3.0f1c1/Editor/Data/PlaybackEngines/AndroidPlayer/UnityEditor.Android.Extensions.dll
Register platform support module: C:/Program Files/Unity/Hub/Editor/2022.3.0f1c1/Editor/Data/PlaybackEngines/iOSSupport/UnityEditor.iOS.Extensions.dll
Register platform support module: C:/Program Files/Unity/Hub/Editor/2022.3.0f1c1/Editor/Data/PlaybackEngines/WindowsStandaloneSupport/UnityEditor.WindowsStandalone.Extensions.dll
Registered in 0.032461 seconds.
- Loaded All Assemblies, in  0.565 seconds
Native extension for WindowsStandalone target not found
[usbmuxd] Start listen thread
[usbmuxd] Listen thread started
[usbmuxd] Send listen message
Native extension for iOS target not found
Native extension for Android target not found
Android Extension - Scanning For ADB Devices 455 ms
Mono: successfully reloaded assembly
- Finished resetting the current domain, in  0.869 seconds
Domain Reload Profiling: 1426ms
	BeginReloadAssembly (193ms)
		ExecutionOrderSort (0ms)
		DisableScriptedObjects (0ms)
		BackupInstance (0ms)
		ReleaseScriptingObjects (0ms)
		CreateAndSetChildDomain (1ms)
	RebuildCommonClasses (42ms)
	RebuildNativeTypeToScriptingClass (11ms)
	initialDomainReloadingComplete (118ms)
	LoadAllAssembliesAndSetupDomain (193ms)
		LoadAssemblies (186ms)
		RebuildTransferFunctionScriptingTraits (0ms)
		AnalyzeDomain (172ms)
			TypeCache.Refresh (171ms)
				TypeCache.ScanAssembly (157ms)
			ScanForSourceGeneratedMonoScriptInfo (0ms)
			ResolveRequiredComponents (0ms)
	FinalizeReload (869ms)
		ReleaseScriptCaches (0ms)
		RebuildScriptCaches (0ms)
		SetupLoadedEditorAssemblies (811ms)
			LogAssemblyErrors (0ms)
			InitializePlatformSupportModulesInManaged (608ms)
			SetLoadedEditorAssemblies (3ms)
			RefreshPlugins (0ms)
			BeforeProcessingInitializeOnLoad (2ms)
			ProcessInitializeOnLoadAttributes (104ms)
			ProcessInitializeOnLoadMethodAttributes (93ms)
			AfterProcessingInitializeOnLoad (0ms)
			EditorAssembliesLoaded (0ms)
		ExecutionOrderSort2 (0ms)
		AwakeInstancesAfterBackupRestoration (0ms)
========================================================================
Worker process is ready to serve import requests
Begin MonoManager ReloadAssembly
Symbol file LoadedFromMemory doesn't match image D:\Work\git\Lingjing\Lingjing_Unity\Library\PackageCache\com.unity.visualscripting@1.8.0\Editor\VisualScripting.Core\Dependencies\YamlDotNet\Unity.VisualScripting.YamlDotNet.dll
Symbol file LoadedFromMemory doesn't match image D:\Work\git\Lingjing\Lingjing_Unity\Library\PackageCache\com.unity.visualscripting@1.8.0\Editor\VisualScripting.Core\Dependencies\DotNetZip\Unity.VisualScripting.IonicZip.dll
Symbol file LoadedFromMemory is not a mono symbol file
- Loaded All Assemblies, in  5.590 seconds
Refreshing native plugins compatible for Editor in 43.42 ms, found 11 plugins.
Native extension for WindowsStandalone target not found
Native extension for iOS target not found
Native extension for Android target not found
Package Manager log level set to [2]
[Package Manager] Server::EnsureServerProcessIsRunning -- launch failed, reason: Unity was launched with the -noUpm command-line argument
[Package Manager] UpmClient::Send -- Unable to send message (not connected to UPM process).
[Package Manager] Cannot connect to Unity Package Manager local server
Mono: successfully reloaded assembly
[Package Manager] Server::EnsureServerProcessIsRunning -- launch failed, reason: Unity was launched with the -noUpm command-line argument
[Package Manager] UpmClient::Send -- Unable to send message (not connected to UPM process).
[Package Manager] Cannot connect to Unity Package Manager local server
[Package Manager] Server::EnsureServerProcessIsRunning -- launch failed, reason: Unity was launched with the -noUpm command-line argument
[Package Manager] UpmClient::Send -- Unable to send message (not connected to UPM process).
[Package Manager] Cannot connect to Unity Package Manager local server
- Finished resetting the current domain, in  7.358 seconds
Domain Reload Profiling: 12894ms
	BeginReloadAssembly (170ms)
		ExecutionOrderSort (0ms)
		DisableScriptedObjects (7ms)
		BackupInstance (0ms)
		ReleaseScriptingObjects (0ms)
		CreateAndSetChildDomain (28ms)
	RebuildCommonClasses (43ms)
	RebuildNativeTypeToScriptingClass (16ms)
	initialDomainReloadingComplete (53ms)
	LoadAllAssembliesAndSetupDomain (5253ms)
		LoadAssemblies (4855ms)
		RebuildTransferFunctionScriptingTraits (0ms)
		AnalyzeDomain (445ms)
			TypeCache.Refresh (413ms)
				TypeCache.ScanAssembly (390ms)
			ScanForSourceGeneratedMonoScriptInfo (25ms)
			ResolveRequiredComponents (7ms)
	FinalizeReload (7359ms)
		ReleaseScriptCaches (0ms)
		RebuildScriptCaches (0ms)
		SetupLoadedEditorAssemblies (7167ms)
			LogAssemblyErrors (0ms)
			InitializePlatformSupportModulesInManaged (61ms)
			SetLoadedEditorAssemblies (6ms)
			RefreshPlugins (0ms)
			BeforeProcessingInitializeOnLoad (103ms)
			ProcessInitializeOnLoadAttributes (1657ms)
			ProcessInitializeOnLoadMethodAttributes (5319ms)
			AfterProcessingInitializeOnLoad (21ms)
			EditorAssembliesLoaded (0ms)
		ExecutionOrderSort2 (0ms)
		AwakeInstancesAfterBackupRestoration (8ms)
Launched and connected shader compiler UnityShaderCompiler.exe after 0.10 seconds
Refreshing native plugins compatible for Editor in 52.82 ms, found 11 plugins.
Preloading 0 native plugins for Editor in 0.00 ms.
Unloading 5564 Unused Serialized files (Serialized files now loaded: 0)
Unloading 810 unused Assets / (1.9 MB). Loaded Objects now: 5325.
Memory consumption went from 294.1 MB to 292.3 MB.
Total: 6.013800 ms (FindLiveObjects: 0.419500 ms CreateObjectMapping: 0.504200 ms MarkObjects: 3.424700 ms  DeleteObjects: 1.664200 ms)

AssetImportParameters requested are different than current active one (requested -> active):
  custom:container-demuxer-ogg: 62fdf1f143b41e24485cea50d1cbac27 -> 
  custom:video-codec-MediaFoundation-h265: 746d11721c4dcdbdad8f713fa42b33f4 -> 
  custom:video-decoder-ogg-theora: a1e56fd34408186e4bbccfd4996cb3dc -> 
  custom:framework-win-MediaFoundation: 216162199b28c13a410421893ffa2e32 -> 
  custom:container-demuxer-webm: 4f35f7cbe854078d1ac9338744f61a02 -> 
  custom:container-muxer-webm: aa71ff27fc2769a1b78a27578f13a17b -> 
  custom:video-decoder-webm-vp8: 9c59270c3fd7afecdb556c50c9e8de78 -> 
  custom:AudioImporter_EditorPlatform: d09bf68614088b80899f8185d706f6e7 -> 
  custom:video-encoder-webm-vp8: eb34c28f22e8b96e1ab97ce403110664 -> 
  custom:audio-decoder-ogg-vorbis: bf7c407c2cedff20999df2af8eb42d56 -> 
  custom:audio-encoder-webm-vorbis: bf7c407c2cedff20999df2af8eb42d56 -> 
========================================================================
Received Import Request.
  Time since last request: 1298469.057594 seconds.
  path: Assets/DataLib/ImageLib/HWAltLib.asset
  artifactKey: Guid(ec606289e84a7104196975f7c3a14f27) Importer(815301076,1909f56bfc062723c751e8b465ee728b)
Start importing Assets/DataLib/ImageLib/HWAltLib.asset using Guid(ec606289e84a7104196975f7c3a14f27) Importer(815301076,1909f56bfc062723c751e8b465ee728b)  -> (artifact id: '7a886674a77b0fb86891fbc69593f5a1') in 2.574643 seconds
Number of updated asset objects reloaded before import = 0
Number of asset objects unloaded after import = 1
========================================================================
Received Import Request.
  Time since last request: 104.629209 seconds.
  path: Assets/DataLib/ImageLib/A1.jpg
  artifactKey: Guid(b2f0d4706b251d04ba367efec782ee8d) Importer(815301076,1909f56bfc062723c751e8b465ee728b)
Start importing Assets/DataLib/ImageLib/A1.jpg using Guid(b2f0d4706b251d04ba367efec782ee8d) Importer(815301076,1909f56bfc062723c751e8b465ee728b)  -> (artifact id: '1fe9ddd9a7cec0c43291ad60eef23c2d') in 0.142329 seconds
Number of updated asset objects reloaded before import = 0
Number of asset objects unloaded after import = 2
========================================================================
Received Import Request.
  Time since last request: 29.439626 seconds.
  path: Assets/DataLib/ImageLib/NewDatabase.asset
  artifactKey: Guid(f6d9ca4bb417d3d46b8540cc3acfefd1) Importer(815301076,1909f56bfc062723c751e8b465ee728b)
Start importing Assets/DataLib/ImageLib/NewDatabase.asset using Guid(f6d9ca4bb417d3d46b8540cc3acfefd1) Importer(815301076,1909f56bfc062723c751e8b465ee728b)  -> (artifact id: '289fc6da32577d22de2518b7d6be6710') in 0.001705 seconds
Number of updated asset objects reloaded before import = 0
Number of asset objects unloaded after import = 1
========================================================================
Received Import Request.
  Time since last request: 0.168386 seconds.
  path: Assets/DataLib/ImageLib/A10.jpg
  artifactKey: Guid(237ef7d5cc163d244bca3633b10e5b17) Importer(815301076,1909f56bfc062723c751e8b465ee728b)
Start importing Assets/DataLib/ImageLib/A10.jpg using Guid(237ef7d5cc163d244bca3633b10e5b17) Importer(815301076,1909f56bfc062723c751e8b465ee728b)  -> (artifact id: '0336f4c1d4ff1d1ad4893ee47901bc45') in 0.077632 seconds
Number of updated asset objects reloaded before import = 0
Number of asset objects unloaded after import = 2
========================================================================
Received Import Request.
  Time since last request: 0.000021 seconds.
  path: Assets/DataLib/ImageLib/A13.jpg
  artifactKey: Guid(c2dc4d34d668ca448b8bae5a7732543d) Importer(815301076,1909f56bfc062723c751e8b465ee728b)
Start importing Assets/DataLib/ImageLib/A13.jpg using Guid(c2dc4d34d668ca448b8bae5a7732543d) Importer(815301076,1909f56bfc062723c751e8b465ee728b)  -> (artifact id: 'f63b09fb9f360edb6a22479982099770') in 0.068462 seconds
Number of updated asset objects reloaded before import = 0
Number of asset objects unloaded after import = 2
========================================================================
Received Import Request.
  Time since last request: 22.338811 seconds.
  path: Assets/DataLib/ImageLib/HWAltLib.asset
  artifactKey: Guid(f6d9ca4bb417d3d46b8540cc3acfefd1) Importer(815301076,1909f56bfc062723c751e8b465ee728b)
Start importing Assets/DataLib/ImageLib/HWAltLib.asset using Guid(f6d9ca4bb417d3d46b8540cc3acfefd1) Importer(815301076,1909f56bfc062723c751e8b465ee728b)  -> (artifact id: 'c1f285c14d7b2b2969a76ac032a46a31') in 0.001945 seconds
Number of updated asset objects reloaded before import = 0
Number of asset objects unloaded after import = 1
========================================================================
Received Import Request.
  Time since last request: 1.442463 seconds.
  path: Assets/DataLib/ImageLib/A14.jpg
  artifactKey: Guid(c5f71ba818ff55b49abf8298224caa80) Importer(815301076,1909f56bfc062723c751e8b465ee728b)
Start importing Assets/DataLib/ImageLib/A14.jpg using Guid(c5f71ba818ff55b49abf8298224caa80) Importer(815301076,1909f56bfc062723c751e8b465ee728b)  -> (artifact id: 'c2b83f1abe8cfc261c6e287ed8f39b9d') in 0.069065 seconds
Number of updated asset objects reloaded before import = 0
Number of asset objects unloaded after import = 2
========================================================================
Received Import Request.
  Time since last request: 0.000027 seconds.
  path: Assets/DataLib/ImageLib/A18.jpg
  artifactKey: Guid(7da2435f04fd05442baa28cbb3f36dde) Importer(815301076,1909f56bfc062723c751e8b465ee728b)
Start importing Assets/DataLib/ImageLib/A18.jpg using Guid(7da2435f04fd05442baa28cbb3f36dde) Importer(815301076,1909f56bfc062723c751e8b465ee728b)  -> (artifact id: '967107255b4c9cb83fd52c77b1ce9fc0') in 0.065408 seconds
Number of updated asset objects reloaded before import = 0
Number of asset objects unloaded after import = 2
========================================================================
Received Import Request.
  Time since last request: 0.451578 seconds.
  path: Assets/DataLib/ImageLib/A19.jpg
  artifactKey: Guid(0ee31c84a19f9744bbf8cc76af0a59ed) Importer(815301076,1909f56bfc062723c751e8b465ee728b)
Start importing Assets/DataLib/ImageLib/A19.jpg using Guid(0ee31c84a19f9744bbf8cc76af0a59ed) Importer(815301076,1909f56bfc062723c751e8b465ee728b)  -> (artifact id: 'a40b2b7fc2f7747c08f297fee3f0778f') in 0.076839 seconds
Number of updated asset objects reloaded before import = 0
Number of asset objects unloaded after import = 2
========================================================================
Received Import Request.
  Time since last request: 0.000023 seconds.
  path: Assets/DataLib/ImageLib/A22.jpg
  artifactKey: Guid(5e5e76373ff3bca4ebd67ee8f9693e49) Importer(815301076,1909f56bfc062723c751e8b465ee728b)
Start importing Assets/DataLib/ImageLib/A22.jpg using Guid(5e5e76373ff3bca4ebd67ee8f9693e49) Importer(815301076,1909f56bfc062723c751e8b465ee728b)  -> (artifact id: '72d408d963d09c35e046000b9643a3f8') in 0.075950 seconds
Number of updated asset objects reloaded before import = 0
Number of asset objects unloaded after import = 2
========================================================================
Received Import Request.
  Time since last request: 0.246168 seconds.
  path: Assets/DataLib/ImageLib/A23.jpg
  artifactKey: Guid(a26379a712575ff4d9d48198ffdad362) Importer(815301076,1909f56bfc062723c751e8b465ee728b)
Start importing Assets/DataLib/ImageLib/A23.jpg using Guid(a26379a712575ff4d9d48198ffdad362) Importer(815301076,1909f56bfc062723c751e8b465ee728b)  -> (artifact id: '5b207a9d3a4d4c8f9749cea7124ad179') in 0.063216 seconds
Number of updated asset objects reloaded before import = 0
Number of asset objects unloaded after import = 2
========================================================================
Received Import Request.
  Time since last request: 0.000028 seconds.
  path: Assets/DataLib/ImageLib/A25.jpg
  artifactKey: Guid(81f21bad59fea94459a285fee51a8972) Importer(815301076,1909f56bfc062723c751e8b465ee728b)
Start importing Assets/DataLib/ImageLib/A25.jpg using Guid(81f21bad59fea94459a285fee51a8972) Importer(815301076,1909f56bfc062723c751e8b465ee728b)  -> (artifact id: 'e3bdd972c1b536c0b959740157086cc7') in 0.070774 seconds
Number of updated asset objects reloaded before import = 0
Number of asset objects unloaded after import = 2
========================================================================
Received Import Request.
  Time since last request: 0.138647 seconds.
  path: Assets/DataLib/ImageLib/A28.jpg
  artifactKey: Guid(a0daf27fcf7f2284ba03bc38c67cc816) Importer(815301076,1909f56bfc062723c751e8b465ee728b)
Start importing Assets/DataLib/ImageLib/A28.jpg using Guid(a0daf27fcf7f2284ba03bc38c67cc816) Importer(815301076,1909f56bfc062723c751e8b465ee728b)  -> (artifact id: '19da3244024ded36db01a6b5f7c3a6a5') in 0.070505 seconds
Number of updated asset objects reloaded before import = 0
Number of asset objects unloaded after import = 2
========================================================================
Received Import Request.
  Time since last request: 0.000027 seconds.
  path: Assets/DataLib/ImageLib/A30.jpg
  artifactKey: Guid(26bf25b57f424c846bacd6c27f7ea183) Importer(815301076,1909f56bfc062723c751e8b465ee728b)
Start importing Assets/DataLib/ImageLib/A30.jpg using Guid(26bf25b57f424c846bacd6c27f7ea183) Importer(815301076,1909f56bfc062723c751e8b465ee728b)  -> (artifact id: '301acca1fa6a2ed6f9c0957b070e0367') in 0.054759 seconds
Number of updated asset objects reloaded before import = 0
Number of asset objects unloaded after import = 2
========================================================================
Received Import Request.
  Time since last request: 0.000036 seconds.
  path: Assets/DataLib/ImageLib/A3.jpg
  artifactKey: Guid(99d248374524e6645ba953633e5711f7) Importer(815301076,1909f56bfc062723c751e8b465ee728b)
Start importing Assets/DataLib/ImageLib/A3.jpg using Guid(99d248374524e6645ba953633e5711f7) Importer(815301076,1909f56bfc062723c751e8b465ee728b)  -> (artifact id: '367b4164a838cffc7638608c34575c33') in 0.055171 seconds
Number of updated asset objects reloaded before import = 0
Number of asset objects unloaded after import = 2
========================================================================
Received Import Request.
  Time since last request: 9.715963 seconds.
  path: Assets/DataLib/ImageLib/A5.jpg
  artifactKey: Guid(9346204e70850894e9eab69de195b295) Importer(815301076,1909f56bfc062723c751e8b465ee728b)
Start importing Assets/DataLib/ImageLib/A5.jpg using Guid(9346204e70850894e9eab69de195b295) Importer(815301076,1909f56bfc062723c751e8b465ee728b)  -> (artifact id: 'bdc48432362bd6f85eb0d05c114cd651') in 0.066511 seconds
Number of updated asset objects reloaded before import = 0
Number of asset objects unloaded after import = 2
========================================================================
Received Import Request.
  Time since last request: 0.000024 seconds.
  path: Assets/DataLib/ImageLib/A7.jpg
  artifactKey: Guid(c691216fe7089a7429c2c270443ab3a8) Importer(815301076,1909f56bfc062723c751e8b465ee728b)
Start importing Assets/DataLib/ImageLib/A7.jpg using Guid(c691216fe7089a7429c2c270443ab3a8) Importer(815301076,1909f56bfc062723c751e8b465ee728b)  -> (artifact id: '40a7ed00cb06651dc6266e3afbc2a03f') in 0.058657 seconds
Number of updated asset objects reloaded before import = 0
Number of asset objects unloaded after import = 2
========================================================================
Received Import Request.
  Time since last request: 3.406183 seconds.
  path: Assets/DataLib/ImageLib/Anky1.jpg
  artifactKey: Guid(8b079663955130a41bc22d1b2a1f54eb) Importer(815301076,1909f56bfc062723c751e8b465ee728b)
Start importing Assets/DataLib/ImageLib/Anky1.jpg using Guid(8b079663955130a41bc22d1b2a1f54eb) Importer(815301076,1909f56bfc062723c751e8b465ee728b)  -> (artifact id: '281a2effa90c2ed55d145501fdb12d5a') in 0.065151 seconds
Number of updated asset objects reloaded before import = 0
Number of asset objects unloaded after import = 2
========================================================================
Received Import Request.
  Time since last request: 0.000023 seconds.
  path: Assets/DataLib/ImageLib/cafe2.jpg
  artifactKey: Guid(4b49b1a6fd31c194d85f2cd15ae2423e) Importer(815301076,1909f56bfc062723c751e8b465ee728b)
Start importing Assets/DataLib/ImageLib/cafe2.jpg using Guid(4b49b1a6fd31c194d85f2cd15ae2423e) Importer(815301076,1909f56bfc062723c751e8b465ee728b)  -> (artifact id: '70439bc3edd162bc765e80ffccfc98ea') in 0.068800 seconds
Number of updated asset objects reloaded before import = 0
Number of asset objects unloaded after import = 2
========================================================================
Received Import Request.
  Time since last request: 2.673159 seconds.
  path: Assets/DataLib/ImageLib/Carno2.jpg
  artifactKey: Guid(6cc18c7a478571b4e9fe729351cf7740) Importer(815301076,1909f56bfc062723c751e8b465ee728b)
Start importing Assets/DataLib/ImageLib/Carno2.jpg using Guid(6cc18c7a478571b4e9fe729351cf7740) Importer(815301076,1909f56bfc062723c751e8b465ee728b)  -> (artifact id: 'aa972fde87263e736a84ced8d566900f') in 0.067405 seconds
Number of updated asset objects reloaded before import = 0
Number of asset objects unloaded after import = 2
========================================================================
Received Import Request.
  Time since last request: 0.000022 seconds.
  path: Assets/DataLib/ImageLib/DinoSk3.jpg
  artifactKey: Guid(b61a034d803b45344a6dd322e9ce3f9d) Importer(815301076,1909f56bfc062723c751e8b465ee728b)
Start importing Assets/DataLib/ImageLib/DinoSk3.jpg using Guid(b61a034d803b45344a6dd322e9ce3f9d) Importer(815301076,1909f56bfc062723c751e8b465ee728b)  -> (artifact id: '586d21102995b6fd4aa9a6f658c98233') in 0.064183 seconds
Number of updated asset objects reloaded before import = 0
Number of asset objects unloaded after import = 2
========================================================================
Received Import Request.
  Time since last request: 2.966422 seconds.
  path: Assets/DataLib/ImageLib/Mc1.jpg
  artifactKey: Guid(57c0d0daa7b95be429ca709d2dd64327) Importer(815301076,1909f56bfc062723c751e8b465ee728b)
Start importing Assets/DataLib/ImageLib/Mc1.jpg using Guid(57c0d0daa7b95be429ca709d2dd64327) Importer(815301076,1909f56bfc062723c751e8b465ee728b)  -> (artifact id: 'a43937e375258b5f2d4b4a4cdafe5164') in 0.066578 seconds
Number of updated asset objects reloaded before import = 0
Number of asset objects unloaded after import = 2
========================================================================
Received Import Request.
  Time since last request: 2.410977 seconds.
  path: Assets/DataLib/ImageLib/Ptera3.jpg
  artifactKey: Guid(d8a34db20248b744281611bb5f9e422e) Importer(815301076,1909f56bfc062723c751e8b465ee728b)
Start importing Assets/DataLib/ImageLib/Ptera3.jpg using Guid(d8a34db20248b744281611bb5f9e422e) Importer(815301076,1909f56bfc062723c751e8b465ee728b)  -> (artifact id: 'b25f736d061c3aad93f3361768ff7280') in 0.060937 seconds
Number of updated asset objects reloaded before import = 0
Number of asset objects unloaded after import = 2
========================================================================
Received Import Request.
  Time since last request: 2.107375 seconds.
  path: Assets/DataLib/ImageLib/Theri1.jpg
  artifactKey: Guid(fc336bfc0919956408e5d67cc07f8a28) Importer(815301076,1909f56bfc062723c751e8b465ee728b)
Start importing Assets/DataLib/ImageLib/Theri1.jpg using Guid(fc336bfc0919956408e5d67cc07f8a28) Importer(815301076,1909f56bfc062723c751e8b465ee728b)  -> (artifact id: '5babb777d0097058df395e04b4eacb50') in 0.059483 seconds
Number of updated asset objects reloaded before import = 0
Number of asset objects unloaded after import = 2
========================================================================
Received Import Request.
  Time since last request: 0.000027 seconds.
  path: Assets/DataLib/ImageLib/toy1.jpg
  artifactKey: Guid(74322745984ba5843a6e6dffb7a3d94f) Importer(815301076,1909f56bfc062723c751e8b465ee728b)
Start importing Assets/DataLib/ImageLib/toy1.jpg using Guid(74322745984ba5843a6e6dffb7a3d94f) Importer(815301076,1909f56bfc062723c751e8b465ee728b)  -> (artifact id: 'ffa7d00b6847d6eb229fdc1ba6e5cc8b') in 0.055685 seconds
Number of updated asset objects reloaded before import = 0
Number of asset objects unloaded after import = 2
========================================================================
Received Import Request.
  Time since last request: 0.000032 seconds.
  path: Assets/DataLib/ImageLib/toy3.jpg
  artifactKey: Guid(ecceb873acb7c564982e7779f0a54f9b) Importer(815301076,1909f56bfc062723c751e8b465ee728b)
Start importing Assets/DataLib/ImageLib/toy3.jpg using Guid(ecceb873acb7c564982e7779f0a54f9b) Importer(815301076,1909f56bfc062723c751e8b465ee728b)  -> (artifact id: 'd62906d376fe645b86509caba3bf5ecf') in 0.050301 seconds
Number of updated asset objects reloaded before import = 0
Number of asset objects unloaded after import = 2
========================================================================
Received Import Request.
  Time since last request: 2.775178 seconds.
  path: Assets/DataLib/ImageLib/toy4.jpg
  artifactKey: Guid(ec1498b0e79420d4eb39aa9ab654bd7b) Importer(815301076,1909f56bfc062723c751e8b465ee728b)
Start importing Assets/DataLib/ImageLib/toy4.jpg using Guid(ec1498b0e79420d4eb39aa9ab654bd7b) Importer(815301076,1909f56bfc062723c751e8b465ee728b)  -> (artifact id: '43fd7c2d3385b4e7dbdcb2dfb9b3e49e') in 0.055181 seconds
Number of updated asset objects reloaded before import = 0
Number of asset objects unloaded after import = 2
========================================================================
Received Import Request.
  Time since last request: 0.000024 seconds.
  path: Assets/DataLib/ImageLib/Tric1.jpg
  artifactKey: Guid(284ffa5dd3efe5f44a6891540cf366c9) Importer(815301076,1909f56bfc062723c751e8b465ee728b)
Start importing Assets/DataLib/ImageLib/Tric1.jpg using Guid(284ffa5dd3efe5f44a6891540cf366c9) Importer(815301076,1909f56bfc062723c751e8b465ee728b)  -> (artifact id: '9cbf26db83efe63ccfcbee9afcd8b415') in 0.061196 seconds
Number of updated asset objects reloaded before import = 0
Number of asset objects unloaded after import = 2
========================================================================
Received Import Request.
  Time since last request: 0.000022 seconds.
  path: Assets/DataLib/ImageLib/TRex1.jpg
  artifactKey: Guid(300ed3585c335ac47a91ab2c7809d3e3) Importer(815301076,1909f56bfc062723c751e8b465ee728b)
Start importing Assets/DataLib/ImageLib/TRex1.jpg using Guid(300ed3585c335ac47a91ab2c7809d3e3) Importer(815301076,1909f56bfc062723c751e8b465ee728b)  -> (artifact id: 'ccc99996f085c39cd92fd6cf9b7b9900') in 0.048584 seconds
Number of updated asset objects reloaded before import = 0
Number of asset objects unloaded after import = 2
========================================================================
Received Import Request.
  Time since last request: 2.028782 seconds.
  path: Assets/DataLib/ImageLib/Tric2.jpg
  artifactKey: Guid(d1e661dd914275047a903e1c36efdc46) Importer(815301076,1909f56bfc062723c751e8b465ee728b)
Start importing Assets/DataLib/ImageLib/Tric2.jpg using Guid(d1e661dd914275047a903e1c36efdc46) Importer(815301076,1909f56bfc062723c751e8b465ee728b)  -> (artifact id: '346fe3377beaf7be3af5f56de2b8c005') in 0.056550 seconds
Number of updated asset objects reloaded before import = 0
Number of asset objects unloaded after import = 2
========================================================================
Received Import Request.
  Time since last request: 0.000034 seconds.
  path: Assets/DataLib/ImageLib/Tric4.jpg
  artifactKey: Guid(3b0717be892329c4482db1f507ee86e0) Importer(815301076,1909f56bfc062723c751e8b465ee728b)
Start importing Assets/DataLib/ImageLib/Tric4.jpg using Guid(3b0717be892329c4482db1f507ee86e0) Importer(815301076,1909f56bfc062723c751e8b465ee728b)  -> (artifact id: '58bc2a38de1c95ca222d8dd0f89e980a') in 0.054134 seconds
Number of updated asset objects reloaded before import = 0
Number of asset objects unloaded after import = 2
========================================================================
Received Import Request.
  Time since last request: 1.743001 seconds.
  path: Assets/DataLib/ImageLib/VRap2.jpg
  artifactKey: Guid(34f876ccb8c4565409cb76b8833c8bbb) Importer(815301076,1909f56bfc062723c751e8b465ee728b)
Start importing Assets/DataLib/ImageLib/VRap2.jpg using Guid(34f876ccb8c4565409cb76b8833c8bbb) Importer(815301076,1909f56bfc062723c751e8b465ee728b)  -> (artifact id: '22b8294aca6f35361c6e7b307886f852') in 0.070905 seconds
Number of updated asset objects reloaded before import = 0
Number of asset objects unloaded after import = 2
========================================================================
Received Import Request.
  Time since last request: 3.194822 seconds.
  path: Assets/DataLib/HuaweiARConfig.asset
  artifactKey: Guid(69b82465a459a2d4b83ae0adb5bb008c) Importer(815301076,1909f56bfc062723c751e8b465ee728b)
Start importing Assets/DataLib/HuaweiARConfig.asset using Guid(69b82465a459a2d4b83ae0adb5bb008c) Importer(815301076,1909f56bfc062723c751e8b465ee728b)  -> (artifact id: '8f2d268cf42c30ca5b81b7b9e365a36e') in 0.034361 seconds
Number of updated asset objects reloaded before import = 0
Number of asset objects unloaded after import = 1
